<?xml version="1.0" encoding="UTF-8"?>
<!-- Generated by org.testng.reporters.JUnitXMLReporter -->
<testsuite ignored="0" hostname="DESKTOP-CD955F8" failures="1" tests="5" name="Test" time="21.763" errors="0" timestamp="2022-03-06T12:33:58 IST">
  <testcase classname="org.testing.TestScripts.TC1_Users" name="usersModule" time="7.382"/>
  <testcase classname="org.testing.TestScripts.TC1_Users" name="fieldForce" time="4.265"/>
  <testcase classname="org.testing.TestScripts.TC2_UserPermissions" name="usersPermissions" time="1.909"/>
  <testcase classname="org.testing.TestScripts.TC3_Analytics" name="analyticsModule" time="8.171"/>
  <testcase classname="org.testing.TestScripts.TC4_Counsellors" name="counsellorModule" time="0.0">
    <failure type="java.lang.NoClassDefFoundError" message="org/testing/TestSteps/Counsellors">
      <![CDATA[java.lang.NoClassDefFoundError: org/testing/TestSteps/Counsellors
at org.testing.TestScripts.TC4_Counsellors.counsellorModule(TC4_Counsellors.java:18)
at java.base/java.util.ArrayList.forEach(ArrayList.java:1541)
Caused by: java.lang.ClassNotFoundException: org.testing.TestSteps.Counsellors
at java.base/jdk.internal.loader.BuiltinClassLoader.loadClass(BuiltinClassLoader.java:581)
at java.base/jdk.internal.loader.ClassLoaders$AppClassLoader.loadClass(ClassLoaders.java:178)
at java.base/java.lang.ClassLoader.loadClass(ClassLoader.java:521)
... 32 more
... Removed 30 stack frames]]>
    </failure>
  </testcase> <!-- counsellorModule -->
</testsuite> <!-- Test -->
